PRISM-games
===========

Version: 3.2.1 (based on PRISM 4.8.dev)
Date: Thu Jul 18 14:39:20 CEST 2024
Hostname: tuf
Memory limits: cudd=2g, java(heap)=12g
Command line: prism-games -javamaxmem 12g -cuddmaxmem 2g experiments/experiment4/prism/PANACEA.prism experiments/experiment4/prism/properties.props -prop 1 -exportstrat experiments/experiment4/results/PANACEA/PANACEA.dot

Parsing model file "experiments/experiment4/prism/PANACEA.prism"...

Type:        SMG
Modules:     attacker defender
Variables:   sched DataExfiltration AccesstoMySQL AccesstoReverseShell AccesstoSensitiveFiles AccesstoExecuteArbitraryCode WebReconSuccesful WebserverPubliclyExposed VulnerableApacheHTTPServerVersion SOCKS5ProxyActive MisconfiguredApache CGIscriptsenabled UnencryptedFiles exfiltrateData getLoginData bufferOverflow getFiles webRecon pathTraversal

Parsing properties file "experiments/experiment4/prism/properties.props"...

1 property:
(1) <<attacker,defender>>R{"attacker"}min=? [ F "terminate" ]+R{"defender"}min=? [ F "deadlock" ]

---------------------------------------------------------------------

Model checking: <<attacker,defender>>R{"attacker"}min=? [ F "terminate" ]+R{"defender"}min=? [ F "deadlock" ]

Warning: Switching to explicit engine to allow strategy generation.

Building model...

Computing reachable states... 300 states
Reachable states exploration and model construction done in 0.03 secs.
Sorting reachable states list...

Time for model construction: 0.049 seconds.

Warning: Deadlocks detected and fixed in 106 states

Type:        SMG
States:      300 (1 initial)
Transitions: 563
Choices:     563
Max/avg:     7/1.88
Building reward structure...

Starting expected reachability...
Starting Prob1 (maxmin)...
Prob1 (maxmin) took 16 iterations and 0.024 seconds.
target=90, inf=20, rest=190
Computing the upper bound where 0.5 is used instead of 0.0
Starting value iteration (minmax)...
Value iteration (minmax) took 10 iterations and 0.005 seconds.
Computed an over-approximation of the solution (in 0 seconds), this will now be used to get the solution
Starting value iteration (minmax)...
Value iteration (minmax) took 8 iterations and 0.002 seconds.
Expected reachability took 0.043 seconds.
Building reward structure...

Starting expected reachability...
Starting Prob1 (maxmax)...
Prob1 (maxmax) took 5 iterations and 0.002 seconds.
target=106, inf=0, rest=194
Computing the upper bound where 5.0 is used instead of 0.0
Starting value iteration (minmin)...
Value iteration (minmin) took 8 iterations and 0.001 seconds.
Computed an over-approximation of the solution (in 0 seconds), this will now be used to get the solution
Starting value iteration (minmin)...
Value iteration (minmin) took 5 iterations and 0.001 seconds.
Expected reachability took 0.004 seconds.

Value in the initial state: 265.0

Time for model checking: 0.064 seconds.

Result: 265.0 (exact floating point)

Exporting strategy as a dot file to file "experiments/experiment4/results/PANACEA/PANACEA.dot"...

---------------------------------------------------------------------

Note: There were 2 warnings during computation.

	Command being timed: "../prism-games-3.2.1-linux64-x86/bin/prism -javamaxmem 12g -cuddmaxmem 2g experiments/experiment4/prism/PANACEA.prism experiments/experiment4/prism/properties.props -prop 1 -exportstrat experiments/experiment4/results/PANACEA/PANACEA.dot"
	User time (seconds): 2.40
	System time (seconds): 0.17
	Percent of CPU this job got: 197%
	Elapsed (wall clock) time (h:mm:ss or m:ss): 0:01.30
	Average shared text size (kbytes): 0
	Average unshared data size (kbytes): 0
	Average stack size (kbytes): 0
	Average total size (kbytes): 0
	Maximum resident set size (kbytes): 204916
	Average resident set size (kbytes): 0
	Major (requiring I/O) page faults: 8
	Minor (reclaiming a frame) page faults: 32968
	Voluntary context switches: 6295
	Involuntary context switches: 6
	Swaps: 0
	File system inputs: 16
	File system outputs: 72
	Socket messages sent: 0
	Socket messages received: 0
	Signals delivered: 0
	Page size (bytes): 4096
	Exit status: 0
