PRISM-games
===========

Version: 3.2.1 (based on PRISM 4.8.dev)
Date: Wed Jun 12 00:18:42 CEST 2024
Hostname: kathara-Virtual-Machine
Memory limits: cudd=10g, java(heap)=480g
Command line: prism-games -javamaxmem 480g -cuddmaxmem 10g experiments/experiment3/prism/root_time.prism experiments/experiment3/prism/properties.props -prop 1 -exportstrat results/root_time/root_time.dot

Parsing model file "experiments/experiment3/prism/root_time.prism"...

Type:        SMG
Modules:     attacker defender
Variables:   sched root A_62 A_82 A_72 A_73 A_7 A_8 A_24 A_1 A_6 A_63 A_4 A_2 A_3 progressa72 progressa4 progressa63 progressa54 progressa102 progressa112 progressa103 progressa92 progressa1 progressa73 progressa5 progressa62 progressa93 progressa6 progressa2 progressa82 progressa7 progressa8 progressa24 time1 progressc3 progressc8 progressc62 progressc1 progressc6 progressc2 progressc82 progressc63 progressc4 progressc73 progressc7 progressc24 progressc72 time2

Parsing properties file "experiments/experiment3/prism/properties.props"...

1 property:
(1) <<attacker,defender>>R{"attacker"}min=? [ F "terminate" ]+R{"defender"}min=? [ F "deadlock" ]

---------------------------------------------------------------------

Model checking: <<attacker,defender>>R{"attacker"}min=? [ F "terminate" ]+R{"defender"}min=? [ F "deadlock" ]

Warning: Switching to explicit engine to allow strategy generation.

Building model...

Computing reachable states... 218124 453797 716869 973663 1227243 1485989 1681990 1876844 2144593 2410724 2666830 2867075 3091950 3327225 3538694 3754986 4022638 4282867 4511793 4775018 5045909 5264947 5521940 5781243 6038612 6275549 6533605 6806985 7077037 7343068 7596037 7825854 8104732 8373679 8615345 8848810 9100086 9286558 9524977 9774147 10012895 10259140 10483537 10733741 11005403 11265381 11514999 11778440 11989923 12243328 12499809 12729606 12932328 13122122 13339496 13545045 13709785 13920213 14144043 14356285 14558801 14774029 14991144 15146109 15398108 15659176 15906271 16160412 16421444 16664950 16912165 17102338 17350091 17599037 17835078 18071754 18325052 18576481 18840349 19047388 19263198 19507800 19734564 19968677 20214809 20476761 20726796 20917740 21165829 21417155 21676332 21913554 22161929 22398562 22626064 22868738 23121577 23371319 23638929 23901134 24172371 24430862 24637462 24899428 25156246 25422154 25671170 25917986 26183375 26438319 26648332 26907377 27162223 27402468 27648657 27905575 28159640 28438075 28716068 28921557 29173365 29436561 29702862 29951547 30212970 30472989 30735937 30929028 31170711 31440003 31699720 31961966 32218700 32473576 32728410 32925658 33177123 33427351 33674881 33930608 34181105 34367671 34592167 34827220 35047935 35272127 35516316 35740190 35976715 36209622 36412228 36639747 36881057 37121651 37387998 37656477 37916555 38178378 38440302 38602791 38864952 39118086 39384850 39652342 39926965 40196603 40458777 40688685 40868282 41074054 41289429 41494363 41700452 41907099 42120169 42337249 42504565 42718645 42947081 43172673 43404324 43629298 43868256 44103291 44286130 44507911 44746988 44996863 45235115 45472673 45698553 45935226 46077172 46289598 46510359 46726507 46914153 47148140 47388618 47633978 47865466 48045020 48265273 48502581 48742605 48982371 49216965 49452400 49693608 49945648 50149229 50402968 50657172 50902571 51161758 51416696 51667769 51933442 52148946 52376292 52612455 52842528 53076758 53306591 53529017 53765099 53924172 54088966 54290418 54490036 54688853 54895144 55089551 55287605 55479862 55628236 55828150 56048520 56287247 56519144 56733423 56953427 57169602 57333701 57548852 57760488 57981855 58206749 58430551 58656045 58863677 59070906 59283399 59506776 59718975 59927059 60157664 60328222 60531370 60760681 60975239 61203702 61429899 61637402 61878044 62125835 62341460 62577173 62808878 63038431 63274855 63515327 63755460 63996933 64245956 64448523 64685536 64925751 65167833 65415459 65680608 65944682 66196244 66452096 66640590 66880237 67138839 67403879 67656137 67918087 68183588 68435578 68646063 68913335 69174524 69445026 69706608 69966973 70142402 70364857 70565793 70777781 70997802 71226258 71446418 71672350 71901267 72067478 72282992 72507123 72740438 72962681 73197778 73425457 73659145 73900290 74101579 74329187 74560555 74775333 75000604 75232663 75464287 75706989 75957300 76130517 76370005 76618558 76877194 77130520 77355736 77594692 77842607 78089591 78290437 78542124 78787612 79034807 79289287 79537502 79798099 80050461 80176740 80399938 80630234 80863621 81090134 81328865 81568019 81810125 81990650 82209728 82428805 82649445 82874881 83101512 83335813 83567109 83802795 84033092 84278256 84444434 84678429 84918509 85135044 85364408 85598022 85831084 86065471 86295276 86538513 86785352 86985677 87238146 87494434 87735673 87984040 88236294 88488345 88739772 88998754 89259673 89468492 89726148 89982615 90237186 90482082 90719651 90966076 91215033 91463458 91713269 91955764 92110444 92333264 92546054 92757485 92972221 93186712 93401028 93613250 93832156 94044414 94266066 94504011 94705025 94929985 95165746 95347584 95587712 95820571 96054199 96275692 96514241 96750210 96980652 97204662 97427598 97657511 97898052 98121109 98353416 98590019 98818696 99065890 99315177 99565705 99820992 99992705 100238234 100477327 100718641 100962911 101209418 101463696 101721373 101978336 102224669 102458979 102689334 102826952 103070550 103316050 103552137 103793746 104030092 104277626 104526274 104770213 105013580 105136606 105364071 105588030 105807535 106013667 106230261 106444952 106651317 106868914 107077117 107294428 107514036 107753327 107989682 108185326 108406702 108640331 108879087 109111181 109343877 109567313 109801009 110016501 110225233 110434750 110649780 110855189 111070761 111195596 111405695 111616401 111843020 112053161 112264147 112475182 112693848 112916178 113138280 113360484 113585580 113813779 113938761 114165021 114398411 114628199 114864103 115087909 115313152 115542205 115767570 115981142 116196412 116425201 116652522 116798860 117023375 117245830 117475869 117695255 117916922 118148810 118363098 118587859 118820444 119054210 119286877 119525171 119656525 119877242 120099665 120316329 120534609 120751505 120959917 121165021 121368898 121571816 121770510 121978951 122193536 122413317 122644977 122873847 123001552 123208518 123437694 123644635 123861158 124074760 124296549 124520083 124749715 124977706 125198292 125422362 125641071 125871041 126101508 126334317 126459205 126675578 126909374 127124591 127326030 127565915 127821325 128049188 128283727 128525218 128766884 128987719 129210523 129422964 129630775 129732232 129955092 130175451 130371041 130579361 130784664 131006256 131211632 131442995 131652057 131856049 132067049 132296366 132511844 132648394 132874613 133101355 133336401 133547896 133763559 133972665 134180141 134387925 134606803 134821995 135039939 135242661 135463145 135689390 135782203 135966213 136145398 136331983 136520453 136720834 136919215 137111706 137316220 137520061 137717303 137932197 138150823 138369491 138590033 138821621 139053238 139216493 139445201 139675995 139911288 140153635 140397439 140633313 140862119 141091953 141323719 141562153 141800907 142038233 142281533 142520159 142761688 143006754 143244863 143378215 143589710 143826138 144061737 144287300 144513140 144753768 144993158 145231910 145463888 145712835 145965609 146227449 146489794 146738631 146985283 147242623 147464837 147682547 147904494 148121436 148347762 148568213 148784234 148999488 149209534 149415798 149623296 149827286 150033875 150242008 150455675 150674013 150888566 151113313 151338765 151570707 151790203 152014713 152109233 152324264 152544722 152770444 153001523 153230080 153461877 153697257 153930899 154167405 154391718 154616030 154840871 155066102 155286459 155511320 155735873 155965683 156193041 156355011 156570763 156802161 157034805 157250791 157471521 157699117 157826006 158074254 158318080 158567456 158818358 159065812 159309567 159557232 159805550 160058685 160306609 160555004 160813772 160905612 161150554 161408313 161660377 161899337 162136114 162384995 162632913 162887312 163130065 163383276 163634675 163879537 164137257 164388543 164639867 164891702 165136491 165387740 165641120 165734645 165957188 166177940 166395959 166616023 166838180 167064073 167287480 167515004 167741666 167964079 168189738 168410777 168634272 168856979 169077282 169285422 169509927 169734280 169960846 170187625 170416510 170509194 170720747 170935273 171155655 171371251 171582415 171784344 171999778 172209213 172427454 172639220 172858394 173079049 173300634 173527459 173753760 173978637 174197123 174423003 174649151 174866365 175087298 175271972 175441837 175548791 175759361 175991265 176220349 176446250 176672817 176904204 177132376 177376984 177615738 177852942 178087139 178308171 178538892 178772041 179016716 179249740 179490334 179729052 179952825 180161246 180238926 180456010 180685456 180928543 181160770 181393161 181623954 181864110 182091768 182318744 182554985 182783734 183000111 183237312 183462403 183694361 183929222 184163948 184398032 184642589 184870123 185039217 185201078 185381912 185571244 185768725 185967603 186163227 186358203 186553757 186755642 186948512 187144682 187351412 187546266 187750883 187956056 188153411 188342013 188535899 188739189 188959927 189172073 189383727 189588837 189784522 189962901 190173602 190388363 190605780 190816420 191029592 191241255 191447495 191644658 191850370 192057276 192264383 192483224 192697491 192904947 193124925 193349034 193577274 193801666 194037339 194253524 194471904 194658463 194844348 195068014 195292358 195518586 195740446 195973945 196191704 196399287 196610675 196831393 197054971 197284788 197525216 197773153 198015314 198239072 198451358 198657686 198865759 199057417 199236165 199434818 199633567 199816666 200006762 200204593 200398118 200587139 200795236 200990092 201190414 201385045 201568445 201762152 201961283 202167765 202364953 202586220 202798875 202998205 203190809 203398091 203611144 203818491 204037826 204228977 204431328 204644806 204854355 205076198 205302523 205531323 205751232 205975947 206208283 206438263 206674887 206911801 207135347 207193592 207397729 207623689 207853926 208080351 208306506 208533844 208773587 209002149 209228321 209459723 209696350 209926182 210156192 210388828 210620332 210853991 211087419 211323890 211547605 211761258 211982783 212211317 212436207 212664411 212894985 213125256 213263370 213488567 213724009 213969917 214214374 214460019 214711562 214952206 215193168 215436441 215682119 215927599 216169849 216411719 216655718 216898652 217147196 217384322 217635160 217881203 218128968 218384244 218633413 218870984 219110311 219307821 219525119 219743032 219962840 220180441 220396993 220616654 220834254 221050115 221262489 221473352 221682150 221884866 222087984 222291713 222500297 222707535 222913908 223122088 223332610 223513077 223653963 223865574 224078390 224303354 224522255 224739094 224953033 225171377 225391086 225601174 225725486 225897065 226099137 226288041 226487373 226692768 226896894 227082265 227278726 227480763 227686254 227891631 228093471 228295426 228506877 228725275 228933149 229132236 229344696 229556959 229761733 229973193 230188060 230393883 230594489 230809550 231022627 231229175 231441400 231556039 231737269 231941768 232149539 232361675 232575956 232783076 232985654 233206686 233436914 233654467 233877261 234106579 234232323 234442092 234637780 234854239 235050311 235259418 235471009 235676683 235888868 236092569 236302826 236512466 236589421 236800558 237021067 237234606 237459257 237682550 237905892 238129178 238348359 238573557 238791454 239010579 239232197 239454821 239667047 239877778 240009038 240212354 240438990 240661034 240883223 241104535 241328087 241551710 241773111 241990169 242202697 242420144 242638960 242857663 243057194 243245839 243437347 243634996 243845010 244066642 244286540 244492161 244693532 244903185 245113812 245329654 245545411 245760349 245982504 246198689 246410669 246578696 246746000 246948461 247165616 247385711 247433651 states
Reachable states exploration and model construction done in 3352.864 secs.
Sorting reachable states list...
Command terminated by signal 9
	Command being timed: "prism-games-3.2.1-linux64-x86/bin/prism -javamaxmem 480g -cuddmaxmem 10g experiments/experiment3/prism/root_time.prism experiments/experiment3/prism/properties.props -prop 1 -exportstrat results/root_time/root_time.dot"
	User time (seconds): 17874.15
	System time (seconds): 421.54
	Percent of CPU this job got: 508%
	Elapsed (wall clock) time (h:mm:ss or m:ss): 59:56.44
	Average shared text size (kbytes): 0
	Average unshared data size (kbytes): 0
	Average stack size (kbytes): 0
	Average total size (kbytes): 0
	Maximum resident set size (kbytes): 497148372
	Average resident set size (kbytes): 0
	Major (requiring I/O) page faults: 347
	Minor (reclaiming a frame) page faults: 28286678
	Voluntary context switches: 1290134
	Involuntary context switches: 91415
	Swaps: 0
	File system inputs: 32848
	File system outputs: 3456
	Socket messages sent: 0
	Socket messages received: 0
	Signals delivered: 0
	Page size (bytes): 4096
	Exit status: 0
