PRISM-games
===========

Version: 3.2.1 (based on PRISM 4.8.dev)
Date: Thu Jul 18 14:39:16 CEST 2024
Hostname: tuf
Memory limits: cudd=2g, java(heap)=12g
Command line: prism-games -javamaxmem 12g -cuddmaxmem 2g experiments/experiment4/prism/Attacker.prism experiments/experiment4/prism/properties.props -prop 1 -exportstrat experiments/experiment4/results/Attacker/Attacker.dot

Parsing model file "experiments/experiment4/prism/Attacker.prism"...

Type:        SMG
Modules:     attacker defender
Variables:   sched DataExfiltration AccesstoMySQL AccesstoReverseShell AccesstoSensitiveFiles AccesstoExecuteArbitraryCode WebReconSuccesful WebserverPubliclyExposed VulnerableApacheHTTPServerVersion SOCKS5ProxyActive MisconfiguredApache CGIscriptsenabled UnencryptedFiles exfiltrateData getLoginData bufferOverflow getFiles webRecon pathTraversal

Parsing properties file "experiments/experiment4/prism/properties.props"...

1 property:
(1) <<attacker,defender>>R{"attacker"}min=? [ F "terminate" ]+R{"defender"}min=? [ F "deadlock" ]

---------------------------------------------------------------------

Model checking: <<attacker,defender>>R{"attacker"}min=? [ F "terminate" ]+R{"defender"}min=? [ F "deadlock" ]

Warning: Switching to explicit engine to allow strategy generation.

Building model...

Computing reachable states... 27 states
Reachable states exploration and model construction done in 0.016 secs.
Sorting reachable states list...

Time for model construction: 0.049 seconds.

Warning: Deadlocks detected and fixed in 5 states

Type:        SMG
States:      27 (1 initial)
Transitions: 34
Choices:     34
Max/avg:     2/1.26
Building reward structure...

Starting expected reachability...
Starting Prob1 (maxmin)...
Prob1 (maxmin) took 6 iterations and 0.005 seconds.
target=10, inf=0, rest=17
Computing the upper bound where 0.5 is used instead of 0.0
Starting value iteration (minmax)...
Value iteration (minmax) took 10 iterations and 0.003 seconds.
Computed an over-approximation of the solution (in 0 seconds), this will now be used to get the solution
Starting value iteration (minmax)...
Value iteration (minmax) took 6 iterations and 0.001 seconds.
Expected reachability took 0.033 seconds.
Building reward structure...

Starting expected reachability...
Starting Prob1 (maxmax)...
Prob1 (maxmax) took 7 iterations and 0.002 seconds.
target=5, inf=0, rest=22
Computing the upper bound where 0.0 is used instead of 0.0
Starting value iteration (minmin)...
Value iteration (minmin) took 1 iterations and 0.001 seconds.
Computed an over-approximation of the solution (in 0 seconds), this will now be used to get the solution
Starting value iteration (minmin)...
Value iteration (minmin) took 1 iterations and 0.0 seconds.
Expected reachability took 0.003 seconds.

Value in the initial state: 95.0

Time for model checking: 0.053 seconds.

Result: 95.0 (exact floating point)

Exporting strategy as a dot file to file "experiments/experiment4/results/Attacker/Attacker.dot"...

---------------------------------------------------------------------

Note: There were 2 warnings during computation.

	Command being timed: "../prism-games-3.2.1-linux64-x86/bin/prism -javamaxmem 12g -cuddmaxmem 2g experiments/experiment4/prism/Attacker.prism experiments/experiment4/prism/properties.props -prop 1 -exportstrat experiments/experiment4/results/Attacker/Attacker.dot"
	User time (seconds): 1.84
	System time (seconds): 0.49
	Percent of CPU this job got: 135%
	Elapsed (wall clock) time (h:mm:ss or m:ss): 0:01.73
	Average shared text size (kbytes): 0
	Average unshared data size (kbytes): 0
	Average stack size (kbytes): 0
	Average total size (kbytes): 0
	Maximum resident set size (kbytes): 167932
	Average resident set size (kbytes): 0
	Major (requiring I/O) page faults: 493
	Minor (reclaiming a frame) page faults: 23008
	Voluntary context switches: 7602
	Involuntary context switches: 4
	Swaps: 0
	File system inputs: 101304
	File system outputs: 72
	Socket messages sent: 0
	Socket messages received: 0
	Signals delivered: 0
	Page size (bytes): 4096
	Exit status: 0
