PRISM-games
===========

Version: 3.2.1 (based on PRISM 4.8.dev)
Date: Wed Jun 12 15:48:23 CEST 2024
Hostname: kathara-Virtual-Machine
Memory limits: cudd=10g, java(heap)=480g
Command line: prism-games -javamaxmem 480g -cuddmaxmem 10g experiments/experiment2/prism/experiment.prism experiments/experiment2/prism/properties.props -prop 1 -exportstrat experiments/experiment2/results/experiment/experiment.dot

Parsing model file "experiments/experiment2/prism/experiment.prism"...

Type:        SMG
Modules:     attacker defender
Variables:   sched root A_4 A_8 A_6 A_2 A_1 A_7 A_3 a2 a4 a6 a1 a5 a9 a10 a8 a7 a11

Parsing properties file "experiments/experiment2/prism/properties.props"...

1 property:
(1) <<attacker,defender>>R{"attacker"}min=? [ F "terminate" ]+R{"defender"}min=? [ F "deadlock" ]

---------------------------------------------------------------------

Model checking: <<attacker,defender>>R{"attacker"}min=? [ F "terminate" ]+R{"defender"}min=? [ F "deadlock" ]

Warning: Switching to explicit engine to allow strategy generation.

Building model...

Computing reachable states... 2898 states
Reachable states exploration and model construction done in 0.088 secs.
Sorting reachable states list...

Time for model construction: 0.133 seconds.

Warning: Deadlocks detected and fixed in 799 states

Type:        SMG
States:      2898 (1 initial)
Transitions: 6700
Choices:     6700
Max/avg:     7/2.31
Building reward structure...

Starting expected reachability...
Starting Prob1 (maxmin)...
Prob1 (maxmin) took 16 iterations and 0.078 seconds.
target=546, inf=731, rest=1621
Computing the upper bound where 5.0 is used instead of 0.0
Starting value iteration (minmax)...
Value iteration (minmax) took 11 iterations and 0.029 seconds.
Computed an over-approximation of the solution (in 0 seconds), this will now be used to get the solution
Starting value iteration (minmax)...
Value iteration (minmax) took 9 iterations and 0.042 seconds.
Expected reachability took 0.175 seconds.
Building reward structure...

Starting expected reachability...
Starting Prob1 (maxmax)...
Prob1 (maxmax) took 5 iterations and 0.015 seconds.
target=799, inf=0, rest=2099
Computing the upper bound where 20.0 is used instead of 0.0
Starting value iteration (minmin)...
Value iteration (minmin) took 12 iterations and 0.019 seconds.
Computed an over-approximation of the solution (in 0 seconds), this will now be used to get the solution
Starting value iteration (minmin)...
Value iteration (minmin) took 7 iterations and 0.01 seconds.
Expected reachability took 0.046 seconds.

Value in the initial state: 690.0

Time for model checking: 0.263 seconds.

Result: 690.0 (exact floating point)

Exporting strategy as a dot file to file "experiments/experiment2/results/experiment/experiment.dot"...

---------------------------------------------------------------------

Note: There were 2 warnings during computation.

	Command being timed: "/home/kathara/Desktop/atd-mdp-experiments/prism-games-3.2.1-linux64-x86/bin/prism -javamaxmem 480g -cuddmaxmem 10g experiments/experiment2/prism/experiment.prism experiments/experiment2/prism/properties.props -prop 1 -exportstrat experiments/experiment2/results/experiment/experiment.dot"
	User time (seconds): 5.40
	System time (seconds): 0.59
	Percent of CPU this job got: 359%
	Elapsed (wall clock) time (h:mm:ss or m:ss): 0:01.67
	Average shared text size (kbytes): 0
	Average unshared data size (kbytes): 0
	Average stack size (kbytes): 0
	Average total size (kbytes): 0
	Maximum resident set size (kbytes): 433908
	Average resident set size (kbytes): 0
	Major (requiring I/O) page faults: 0
	Minor (reclaiming a frame) page faults: 33108
	Voluntary context switches: 7689
	Involuntary context switches: 44
	Swaps: 0
	File system inputs: 0
	File system outputs: 72
	Socket messages sent: 0
	Socket messages received: 0
	Signals delivered: 0
	Page size (bytes): 4096
	Exit status: 0
