PRISM-games
===========

Version: 3.2.1 (based on PRISM 4.8.dev)
Date: Wed Jun 12 00:00:44 CEST 2024
Hostname: kathara-Virtual-Machine
Memory limits: cudd=10g, java(heap)=480g
Command line: prism-games -javamaxmem 480g -cuddmaxmem 10g experiments/experiment3/prism/A_6_time.prism experiments/experiment3/prism/properties.props -prop 1 -exportstrat results/A_6_time/A_6_time.dot

Parsing model file "experiments/experiment3/prism/A_6_time.prism"...

Type:        SMG
Modules:     attacker defender
Variables:   sched A_6 A_82 A_62 A_72 progressa112 progressa92 progressa82 progressa72 progressa62 progressa102 time1 progressc72 progressc62 progressc82 time2

Parsing properties file "experiments/experiment3/prism/properties.props"...

1 property:
(1) <<attacker,defender>>R{"attacker"}min=? [ F "terminate" ]+R{"defender"}min=? [ F "deadlock" ]

---------------------------------------------------------------------

Model checking: <<attacker,defender>>R{"attacker"}min=? [ F "terminate" ]+R{"defender"}min=? [ F "deadlock" ]

Warning: Switching to explicit engine to allow strategy generation.

Building model...

Computing reachable states... 622 states
Reachable states exploration and model construction done in 0.049 secs.
Sorting reachable states list...

Time for model construction: 0.091 seconds.

Warning: Deadlocks detected and fixed in 27 states

Type:        SMG
States:      622 (1 initial)
Transitions: 702
Choices:     702
Max/avg:     3/1.13
Building reward structure...

Starting expected reachability...
Starting Prob1 (maxmin)...
Prob1 (maxmin) took 36 iterations and 0.036 seconds.
target=16, inf=299, rest=307
Computing the upper bound where 1.0 is used instead of 0.0
Starting value iteration (minmax)...
Value iteration (minmax) took 19 iterations and 0.009 seconds.
Computed an over-approximation of the solution (in 0 seconds), this will now be used to get the solution
Starting value iteration (minmax)...
Value iteration (minmax) took 19 iterations and 0.004 seconds.
Expected reachability took 0.059 seconds.
Building reward structure...

Starting expected reachability...
Starting Prob1 (maxmax)...
Prob1 (maxmax) took 18 iterations and 0.007 seconds.
target=27, inf=0, rest=595
Computing the upper bound where 10.0 is used instead of 0.0
Starting value iteration (minmin)...
Value iteration (minmin) took 23 iterations and 0.006 seconds.
Computed an over-approximation of the solution (in 0 seconds), this will now be used to get the solution
Starting value iteration (minmin)...
Value iteration (minmin) took 24 iterations and 0.007 seconds.
Expected reachability took 0.021 seconds.

Value in the initial state: 110.0

Time for model checking: 0.104 seconds.

Result: 110.0 (exact floating point)

Exporting strategy as a dot file to file "results/A_6_time/A_6_time.dot"...

---------------------------------------------------------------------

Note: There were 2 warnings during computation.

	Command being timed: "prism-games-3.2.1-linux64-x86/bin/prism -javamaxmem 480g -cuddmaxmem 10g experiments/experiment3/prism/A_6_time.prism experiments/experiment3/prism/properties.props -prop 1 -exportstrat results/A_6_time/A_6_time.dot"
	User time (seconds): 4.29
	System time (seconds): 0.63
	Percent of CPU this job got: 299%
	Elapsed (wall clock) time (h:mm:ss or m:ss): 0:01.64
	Average shared text size (kbytes): 0
	Average unshared data size (kbytes): 0
	Average stack size (kbytes): 0
	Average total size (kbytes): 0
	Maximum resident set size (kbytes): 410432
	Average resident set size (kbytes): 0
	Major (requiring I/O) page faults: 0
	Minor (reclaiming a frame) page faults: 30857
	Voluntary context switches: 7694
	Involuntary context switches: 52
	Swaps: 0
	File system inputs: 0
	File system outputs: 80
	Socket messages sent: 0
	Socket messages received: 0
	Signals delivered: 0
	Page size (bytes): 4096
	Exit status: 0
