PRISM-games
===========

Version: 3.2.1 (based on PRISM 4.8.dev)
Date: Wed Jun 12 15:48:22 CEST 2024
Hostname: kathara-Virtual-Machine
Memory limits: cudd=10g, java(heap)=480g
Command line: prism-games -javamaxmem 480g -cuddmaxmem 10g experiments/experiment2/prism/defender.prism experiments/experiment2/prism/properties.props -prop 1 -exportstrat experiments/experiment2/results/defender/defender.dot

Parsing model file "experiments/experiment2/prism/defender.prism"...

Error: Syntax error ("endplayer", line 5, column 1).
Command exited with non-zero status 1
	Command being timed: "/home/kathara/Desktop/atd-mdp-experiments/prism-games-3.2.1-linux64-x86/bin/prism -javamaxmem 480g -cuddmaxmem 10g experiments/experiment2/prism/defender.prism experiments/experiment2/prism/properties.props -prop 1 -exportstrat experiments/experiment2/results/defender/defender.dot"
	User time (seconds): 2.68
	System time (seconds): 0.49
	Percent of CPU this job got: 340%
	Elapsed (wall clock) time (h:mm:ss or m:ss): 0:00.93
	Average shared text size (kbytes): 0
	Average unshared data size (kbytes): 0
	Average stack size (kbytes): 0
	Average total size (kbytes): 0
	Maximum resident set size (kbytes): 355424
	Average resident set size (kbytes): 0
	Major (requiring I/O) page faults: 0
	Minor (reclaiming a frame) page faults: 20313
	Voluntary context switches: 5211
	Involuntary context switches: 94
	Swaps: 0
	File system inputs: 0
	File system outputs: 64
	Socket messages sent: 0
	Socket messages received: 0
	Signals delivered: 0
	Page size (bytes): 4096
	Exit status: 1
