PRISM-games
===========

Version: 3.2.1 (based on PRISM 4.8.dev)
Date: Fri Jul 12 14:27:09 CEST 2024
Hostname: pitagora
Memory limits: cudd=10g, java(heap)=50g
Command line: prism-games -javamaxmem 50g -cuddmaxmem 10g experiments/experiment1/prism/Solo_Attacker.prism experiments/experiment1/prism/properties.props -prop 1 -exportstrat experiments/experiment1/results/Solo_Attacker/Solo_Attacker.dot

Parsing model file "experiments/experiment1/prism/Solo_Attacker.prism"...

Type:        SMG
Modules:     attacker defender
Variables:   sched DataExfiltration AccesstoReverseShell WebReconSuccesful AccesstoExecuteArbitraryCode AccesstoSensitiveFiles AccesstoMySQL VulnerableApacheHTTPServerVersion SOCKS5ProxyActive MisconfiguredApache UnencryptedFiles WebserverPubliclyExposed CGIscriptsenabled exfiltrateData getLoginData bufferOverflow getFiles webRecon pathTraversal

Parsing properties file "experiments/experiment1/prism/properties.props"...

1 property:
(1) <<attacker,defender>>R{"attacker"}min=? [ F "terminate" ]+R{"defender"}min=? [ F "deadlock" ]

---------------------------------------------------------------------

Model checking: <<attacker,defender>>R{"attacker"}min=? [ F "terminate" ]+R{"defender"}min=? [ F "deadlock" ]

Warning: Switching to explicit engine to allow strategy generation.

Building model...

Computing reachable states... 27 states
Reachable states exploration and model construction done in 0.018 secs.
Sorting reachable states list...

Time for model construction: 0.049 seconds.

Warning: Deadlocks detected and fixed in 5 states

Type:        SMG
States:      27 (1 initial)
Transitions: 34
Choices:     34
Max/avg:     2/1.26
Building reward structure...

Starting expected reachability...
Starting Prob1 (maxmin)...
Prob1 (maxmin) took 6 iterations and 0.008 seconds.
target=10, inf=0, rest=17
Computing the upper bound where 0.5 is used instead of 0.0
Starting value iteration (minmax)...
Value iteration (minmax) took 10 iterations and 0.004 seconds.
Computed an over-approximation of the solution (in 0 seconds), this will now be used to get the solution
Starting value iteration (minmax)...
Value iteration (minmax) took 6 iterations and 0.001 seconds.
Expected reachability took 0.027 seconds.
Building reward structure...

Starting expected reachability...
Starting Prob1 (maxmax)...
Prob1 (maxmax) took 7 iterations and 0.001 seconds.
target=5, inf=0, rest=22
Computing the upper bound where 0.0 is used instead of 0.0
Starting value iteration (minmin)...
Value iteration (minmin) took 1 iterations and 0.001 seconds.
Computed an over-approximation of the solution (in 0 seconds), this will now be used to get the solution
Starting value iteration (minmin)...
Value iteration (minmin) took 1 iterations and 0.0 seconds.
Expected reachability took 0.002 seconds.

Value in the initial state: 95.0

Time for model checking: 0.044 seconds.

Result: 95.0 (exact floating point)

Exporting strategy as a dot file to file "experiments/experiment1/results/Solo_Attacker/Solo_Attacker.dot"...

---------------------------------------------------------------------

Note: There were 2 warnings during computation.

	Command being timed: "../prism-games-3.2.1-linux64-x86/bin/prism -javamaxmem 50g -cuddmaxmem 10g experiments/experiment1/prism/Solo_Attacker.prism experiments/experiment1/prism/properties.props -prop 1 -exportstrat experiments/experiment1/results/Solo_Attacker/Solo_Attacker.dot"
	User time (seconds): 3.63
	System time (seconds): 0.25
	Percent of CPU this job got: 227%
	Elapsed (wall clock) time (h:mm:ss or m:ss): 0:01.71
	Average shared text size (kbytes): 0
	Average unshared data size (kbytes): 0
	Average stack size (kbytes): 0
	Average total size (kbytes): 0
	Maximum resident set size (kbytes): 304504
	Average resident set size (kbytes): 0
	Major (requiring I/O) page faults: 0
	Minor (reclaiming a frame) page faults: 77166
	Voluntary context switches: 6199
	Involuntary context switches: 770
	Swaps: 0
	File system inputs: 0
	File system outputs: 72
	Socket messages sent: 0
	Socket messages received: 0
	Signals delivered: 0
	Page size (bytes): 4096
	Exit status: 0
