PRISM-games
===========

Version: 3.2.1 (based on PRISM 4.8.dev)
Date: Wed Jun 19 09:28:08 CEST 2024
Hostname: pitagora
Memory limits: cudd=5g, java(heap)=50g
Command line: prism-games -javamaxmem 50g -cuddmaxmem 5g experiments/experiment2/prism/attacker.prism experiments/experiment2/prism/properties.props -prop 1 -exportstrat experiments/experiment2/results/attacker/attacker.dot

Parsing model file "experiments/experiment2/prism/attacker.prism"...

Type:        SMG
Modules:     attacker defender
Variables:   sched root A_72 A_73 A_4 A_24 A_8 A_63 A_1 A_82 A_6 A_7 A_62 A_2 A_3 a1 a2 a4 a5 a6 a7 a8 a62 a72 a82 a63 a73 a24 a92 a102 a112 a93 a103 a54

Parsing properties file "experiments/experiment2/prism/properties.props"...

1 property:
(1) <<attacker,defender>>R{"attacker"}min=? [ F "terminate" ]+R{"defender"}min=? [ F "deadlock" ]

---------------------------------------------------------------------

Model checking: <<attacker,defender>>R{"attacker"}min=? [ F "terminate" ]+R{"defender"}min=? [ F "deadlock" ]

Warning: Switching to explicit engine to allow strategy generation.

Building model...

Computing reachable states... 13887 states
Reachable states exploration and model construction done in 0.277 secs.
Sorting reachable states list...

Time for model construction: 0.377 seconds.

Warning: Deadlocks detected and fixed in 3232 states

Type:        SMG
States:      13887 (1 initial)
Transitions: 29743
Choices:     29743
Max/avg:     7/2.14
Building reward structure...

Starting expected reachability...
Starting Prob1 (maxmin)...
Prob1 (maxmin) took 5 iterations and 0.096 seconds.
target=6464, inf=0, rest=7423
Computing the upper bound where 5.0 is used instead of 0.0
Starting value iteration (minmax)...
Value iteration (minmax) took 15 iterations and 0.163 seconds.
Computed an over-approximation of the solution (in 0 seconds), this will now be used to get the solution
Starting value iteration (minmax)...
Value iteration (minmax) took 11 iterations and 0.072 seconds.
Expected reachability took 0.357 seconds.
Building reward structure...

Starting expected reachability...
Starting Prob1 (maxmax)...
Prob1 (maxmax) took 6 iterations and 0.11 seconds.
target=3232, inf=0, rest=10655
Computing the upper bound where 0.0 is used instead of 0.0
Starting value iteration (minmin)...
Value iteration (minmin) took 1 iterations and 0.015 seconds.
Computed an over-approximation of the solution (in 0 seconds), this will now be used to get the solution
Starting value iteration (minmin)...
Value iteration (minmin) took 1 iterations and 0.013 seconds.
Expected reachability took 0.147 seconds.

Value in the initial state: 190.0

Time for model checking: 0.583 seconds.

Result: 190.0 (exact floating point)

Exporting strategy as a dot file to file "experiments/experiment2/results/attacker/attacker.dot"...

---------------------------------------------------------------------

Note: There were 2 warnings during computation.

	Command being timed: "../prism-games-3.2.1-linux64-x86/bin/prism -javamaxmem 50g -cuddmaxmem 5g experiments/experiment2/prism/attacker.prism experiments/experiment2/prism/properties.props -prop 1 -exportstrat experiments/experiment2/results/attacker/attacker.dot"
	User time (seconds): 8.41
	System time (seconds): 0.60
	Percent of CPU this job got: 427%
	Elapsed (wall clock) time (h:mm:ss or m:ss): 0:02.11
	Average shared text size (kbytes): 0
	Average unshared data size (kbytes): 0
	Average stack size (kbytes): 0
	Average total size (kbytes): 0
	Maximum resident set size (kbytes): 375808
	Average resident set size (kbytes): 0
	Major (requiring I/O) page faults: 0
	Minor (reclaiming a frame) page faults: 121306
	Voluntary context switches: 11433
	Involuntary context switches: 570
	Swaps: 0
	File system inputs: 0
	File system outputs: 72
	Socket messages sent: 0
	Socket messages received: 0
	Signals delivered: 0
	Page size (bytes): 4096
	Exit status: 0
