PRISM-games
===========

Version: 3.2.1 (based on PRISM 4.8.dev)
Date: Wed Jun 12 00:00:43 CEST 2024
Hostname: kathara-Virtual-Machine
Memory limits: cudd=10g, java(heap)=480g
Command line: prism-games -javamaxmem 480g -cuddmaxmem 10g experiments/experiment3/prism/A_6.prism experiments/experiment3/prism/properties.props -prop 1 -exportstrat results/A_6/A_6.dot

Parsing model file "experiments/experiment3/prism/A_6.prism"...

Type:        SMG
Modules:     attacker defender
Variables:   sched A_6 A_82 A_62 A_72 a112 a92 a82 a72 a62 a102

Parsing properties file "experiments/experiment3/prism/properties.props"...

1 property:
(1) <<attacker,defender>>R{"attacker"}min=? [ F "terminate" ]+R{"defender"}min=? [ F "deadlock" ]

---------------------------------------------------------------------

Model checking: <<attacker,defender>>R{"attacker"}min=? [ F "terminate" ]+R{"defender"}min=? [ F "deadlock" ]

Warning: Switching to explicit engine to allow strategy generation.

Building model...

Computing reachable states... 47 states
Reachable states exploration and model construction done in 0.024 secs.
Sorting reachable states list...

Time for model construction: 0.049 seconds.

Warning: Deadlocks detected and fixed in 13 states

Type:        SMG
States:      47 (1 initial)
Transitions: 73
Choices:     73
Max/avg:     3/1.55
Building reward structure...

Starting expected reachability...
Starting Prob1 (maxmin)...
Prob1 (maxmin) took 8 iterations and 0.01 seconds.
target=12, inf=7, rest=28
Computing the upper bound where 1.0 is used instead of 0.0
Starting value iteration (minmax)...
Value iteration (minmax) took 5 iterations and 0.004 seconds.
Computed an over-approximation of the solution (in 0 seconds), this will now be used to get the solution
Starting value iteration (minmax)...
Value iteration (minmax) took 5 iterations and 0.001 seconds.
Expected reachability took 0.03 seconds.
Building reward structure...

Starting expected reachability...
Starting Prob1 (maxmax)...
Prob1 (maxmax) took 4 iterations and 0.003 seconds.
target=13, inf=0, rest=34
Computing the upper bound where 10.0 is used instead of 0.0
Starting value iteration (minmin)...
Value iteration (minmin) took 7 iterations and 0.001 seconds.
Computed an over-approximation of the solution (in 0 seconds), this will now be used to get the solution
Starting value iteration (minmin)...
Value iteration (minmin) took 7 iterations and 0.0 seconds.
Expected reachability took 0.005 seconds.

Value in the initial state: 110.0

Time for model checking: 0.053 seconds.

Result: 110.0 (exact floating point)

Exporting strategy as a dot file to file "results/A_6/A_6.dot"...

---------------------------------------------------------------------

Note: There were 2 warnings during computation.

	Command being timed: "prism-games-3.2.1-linux64-x86/bin/prism -javamaxmem 480g -cuddmaxmem 10g experiments/experiment3/prism/A_6.prism experiments/experiment3/prism/properties.props -prop 1 -exportstrat results/A_6/A_6.dot"
	User time (seconds): 3.27
	System time (seconds): 0.54
	Percent of CPU this job got: 231%
	Elapsed (wall clock) time (h:mm:ss or m:ss): 0:01.64
	Average shared text size (kbytes): 0
	Average unshared data size (kbytes): 0
	Average stack size (kbytes): 0
	Average total size (kbytes): 0
	Maximum resident set size (kbytes): 359224
	Average resident set size (kbytes): 0
	Major (requiring I/O) page faults: 0
	Minor (reclaiming a frame) page faults: 23485
	Voluntary context switches: 6443
	Involuntary context switches: 336
	Swaps: 0
	File system inputs: 0
	File system outputs: 72
	Socket messages sent: 0
	Socket messages received: 0
	Signals delivered: 0
	Page size (bytes): 4096
	Exit status: 0
